ERROR - 2025-07-09 04:12:33 --> Error connecting to the database: mysqli_sql_exception: Access denied for user 'root'@'localhost' (using password: YES) in /home/u416936962/domains/verify.smeclabs.com/public_html/vendor/codeigniter4/framework/system/Database/MySQLi/Connection.php:201
Stack trace:
#0 /home/u416936962/domains/verify.smeclabs.com/public_html/vendor/codeigniter4/framework/system/Database/MySQLi/Connection.php(201): mysqli->real_connect()
#1 /home/u416936962/domains/verify.smeclabs.com/public_html/vendor/codeigniter4/framework/system/Database/BaseConnection.php(421): CodeIgniter\Database\MySQLi\Connection->connect()
#2 /home/u416936962/domains/verify.smeclabs.com/public_html/vendor/codeigniter4/framework/system/Database/BaseConnection.php(620): CodeIgniter\Database\BaseConnection->initialize()
#3 /home/u416936962/domains/verify.smeclabs.com/public_html/vendor/codeigniter4/framework/system/Database/BaseBuilder.php(1649): CodeIgniter\Database\BaseConnection->query()
#4 /home/u416936962/domains/verify.smeclabs.com/public_html/vendor/codeigniter4/framework/system/Model.php(330): CodeIgniter\Database\BaseBuilder->get()
#5 /home/u416936962/domains/verify.smeclabs.com/public_html/vendor/codeigniter4/framework/system/BaseModel.php(717): CodeIgniter\Model->doFirst()
#6 /home/u416936962/domains/verify.smeclabs.com/public_html/app/Controllers/Home.php(19): CodeIgniter\BaseModel->first()
#7 /home/u416936962/domains/verify.smeclabs.com/public_html/vendor/codeigniter4/framework/system/CodeIgniter.php(933): App\Controllers\Home->index()
#8 /home/u416936962/domains/verify.smeclabs.com/public_html/vendor/codeigniter4/framework/system/CodeIgniter.php(507): CodeIgniter\CodeIgniter->runController()
#9 /home/u416936962/domains/verify.smeclabs.com/public_html/vendor/codeigniter4/framework/system/CodeIgniter.php(354): CodeIgniter\CodeIgniter->handleRequest()
#10 /home/u416936962/domains/verify.smeclabs.com/public_html/vendor/codeigniter4/framework/system/Boot.php(334): CodeIgniter\CodeIgniter->run()
#11 /home/u416936962/domains/verify.smeclabs.com/public_html/vendor/codeigniter4/framework/system/Boot.php(67): CodeIgniter\Boot::runCodeIgniter()
#12 /home/u416936962/domains/verify.smeclabs.com/public_html/public/index.php(59): CodeIgniter\Boot::bootWeb()
#13 {main}

Next CodeIgniter\Database\Exceptions\DatabaseException: Access denied for user '****'@'localhost' (using password: YES) in /home/u416936962/domains/verify.smeclabs.com/public_html/vendor/codeigniter4/framework/system/Database/MySQLi/Connection.php:246
Stack trace:
#0 /home/u416936962/domains/verify.smeclabs.com/public_html/vendor/codeigniter4/framework/system/Database/BaseConnection.php(421): CodeIgniter\Database\MySQLi\Connection->connect()
#1 /home/u416936962/domains/verify.smeclabs.com/public_html/vendor/codeigniter4/framework/system/Database/BaseConnection.php(620): CodeIgniter\Database\BaseConnection->initialize()
#2 /home/u416936962/domains/verify.smeclabs.com/public_html/vendor/codeigniter4/framework/system/Database/BaseBuilder.php(1649): CodeIgniter\Database\BaseConnection->query()
#3 /home/u416936962/domains/verify.smeclabs.com/public_html/vendor/codeigniter4/framework/system/Model.php(330): CodeIgniter\Database\BaseBuilder->get()
#4 /home/u416936962/domains/verify.smeclabs.com/public_html/vendor/codeigniter4/framework/system/BaseModel.php(717): CodeIgniter\Model->doFirst()
#5 /home/u416936962/domains/verify.smeclabs.com/public_html/app/Controllers/Home.php(19): CodeIgniter\BaseModel->first()
#6 /home/u416936962/domains/verify.smeclabs.com/public_html/vendor/codeigniter4/framework/system/CodeIgniter.php(933): App\Controllers\Home->index()
#7 /home/u416936962/domains/verify.smeclabs.com/public_html/vendor/codeigniter4/framework/system/CodeIgniter.php(507): CodeIgniter\CodeIgniter->runController()
#8 /home/u416936962/domains/verify.smeclabs.com/public_html/vendor/codeigniter4/framework/system/CodeIgniter.php(354): CodeIgniter\CodeIgniter->handleRequest()
#9 /home/u416936962/domains/verify.smeclabs.com/public_html/vendor/codeigniter4/framework/system/Boot.php(334): CodeIgniter\CodeIgniter->run()
#10 /home/u416936962/domains/verify.smeclabs.com/public_html/vendor/codeigniter4/framework/system/Boot.php(67): CodeIgniter\Boot::runCodeIgniter()
#11 /home/u416936962/domains/verify.smeclabs.com/public_html/public/index.php(59): CodeIgniter\Boot::bootWeb()
#12 {main}
CRITICAL - 2025-07-09 04:12:33 --> CodeIgniter\Database\Exceptions\DatabaseException: Unable to connect to the database.
Main connection [MySQLi]: Access denied for user '****'@'localhost' (using password: YES)
[Method: GET, Route: /]
in SYSTEMPATH/Database/BaseConnection.php on line 467.
 1 SYSTEMPATH/Database/BaseConnection.php(620): CodeIgniter\Database\BaseConnection->initialize()
 2 SYSTEMPATH/Database/BaseBuilder.php(1649): CodeIgniter\Database\BaseConnection->query()
 3 SYSTEMPATH/Model.php(330): CodeIgniter\Database\BaseBuilder->get()
 4 SYSTEMPATH/BaseModel.php(717): CodeIgniter\Model->doFirst()
 5 APPPATH/Controllers/Home.php(19): CodeIgniter\BaseModel->first()
 6 SYSTEMPATH/CodeIgniter.php(933): App\Controllers\Home->index()
 7 SYSTEMPATH/CodeIgniter.php(507): CodeIgniter\CodeIgniter->runController()
 8 SYSTEMPATH/CodeIgniter.php(354): CodeIgniter\CodeIgniter->handleRequest()
 9 SYSTEMPATH/Boot.php(334): CodeIgniter\CodeIgniter->run()
10 SYSTEMPATH/Boot.php(67): CodeIgniter\Boot::runCodeIgniter()
11 FCPATH/index.php(59): CodeIgniter\Boot::bootWeb()
